<?xml version="1.0" encoding="UTF-8"?>
<testng-results ignored="0" total="1" passed="1" failed="0" skipped="0">
  <reporter-output>
  </reporter-output>
  <suite started-at="2022-07-05T20:34:34 IST" name="Suite" finished-at="2022-07-05T20:34:47 IST" duration-ms="12328">
    <groups>
    </groups>
    <test started-at="2022-07-05T20:34:34 IST" name="Test" finished-at="2022-07-05T20:34:47 IST" duration-ms="12328">
      <class name="testCases.TC_LoginDDT_002">
        <test-method is-config="true" signature="setup(java.lang.String)[pri:0, instance:testCases.TC_LoginDDT_002@5824a83d]" started-at="2022-07-05T20:34:35 IST" name="setup" finished-at="2022-07-05T20:34:41 IST" duration-ms="6415" status="PASS">
          <params>
            <param index="0">
              <value>
                <![CDATA[chrome]]>
              </value>
            </param>
          </params>
          <reporter-output>
          </reporter-output>
        </test-method> <!-- setup -->
        <test-method signature="loginDDT(java.lang.String,java.lang.String)[pri:0, instance:testCases.TC_LoginDDT_002@5824a83d]" started-at="2022-07-05T20:34:43 IST" name="loginDDT" data-provider="LoginData" finished-at="2022-07-05T20:34:46 IST" duration-ms="3828" status="PASS">
          <params>
            <param index="0">
              <value>
                <![CDATA[DDTpratikhood01@gmail.com]]>
              </value>
            </param>
            <param index="1">
              <value>
                <![CDATA[DDT8888650622]]>
              </value>
            </param>
          </params>
          <reporter-output>
          </reporter-output>
        </test-method> <!-- loginDDT -->
        <test-method is-config="true" signature="tearDown()[pri:0, instance:testCases.TC_LoginDDT_002@5824a83d]" started-at="2022-07-05T20:34:46 IST" name="tearDown" finished-at="2022-07-05T20:34:47 IST" duration-ms="313" status="PASS">
          <reporter-output>
          </reporter-output>
        </test-method> <!-- tearDown -->
      </class> <!-- testCases.TC_LoginDDT_002 -->
    </test> <!-- Test -->
  </suite> <!-- Suite -->
</testng-results>
